<->[NORMAL]#00000001#Fri Feb 06 11:41:04 2015#FurMark 1.10.2 is starting up...
<->[NORMAL]#00000002#Fri Feb 06 11:41:04 2015#OpenGL renderer (main graphics card): Intel HD Graphics 2000
<->[NORMAL]#00000003#Fri Feb 06 11:41:04 2015#OpenGL version detected: 3.1
<->[NORMAL]#00000004#Fri Feb 06 11:41:04 2015#OpenGL max viewport size: 8192X8192 pixels
<->[NORMAL]#00000005#Fri Feb 06 11:41:04 2015#Device ID string (main graphics card): PCI\VEN_8086&DEV_0106&SUBSYS_185E103C&REV_09
<->[NORMAL]#00000006#Fri Feb 06 11:41:04 2015#CPU/System info:
<->[NORMAL]#00000007#Fri Feb 06 11:41:04 2015#- CPU: Intel(R) Pentium(R) CPU B960 @ 2.20GHz
<->[NORMAL]#00000008#Fri Feb 06 11:41:05 2015#- CPU speed: 2195 MHz
<->[NORMAL]#00000009#Fri Feb 06 11:41:05 2015#- System memory: 2509 MB
<->[NORMAL]#00000010#Fri Feb 06 11:41:05 2015#- OS: Windows 7 32-bit build 7601 [Service Pack 1]
<->[NORMAL]#00000011#Fri Feb 06 11:41:05 2015#Detecting GPUs...
<->[NORMAL]#00000012#Fri Feb 06 11:41:05 2015#Found 1 GPUs.
<->[NORMAL]#00000013#Fri Feb 06 11:41:05 2015#- GPU 2:  ATI Radeon HD 6000 Series
<->[NORMAL]#00000014#Fri Feb 06 11:41:05 2015#  - Cores: 0
<->[NORMAL]#00000015#Fri Feb 06 11:41:05 2015#  - Memory size: 1024MB
<->[NORMAL]#00000016#Fri Feb 06 11:41:05 2015#  - Memory type: unknown
<->[NORMAL]#00000017#Fri Feb 06 11:41:05 2015#  - TDP: 0W
<->[NORMAL]#00000018#Fri Feb 06 11:41:05 2015#  - Bus ID: 1
<->[NORMAL]#00000019#Fri Feb 06 11:41:05 2015#  - Bios: BR041689.001
<->[NORMAL]#00000020#Fri Feb 06 11:41:05 2015#  - GPU temperature: 0.0°C
<->[NORMAL]#00000021#Fri Feb 06 11:41:05 2015#  - Graphics driver: 8.951.0.0
<->[NORMAL]#00000022#Fri Feb 06 11:41:05 2015#WARNING: true GPU core and memory clocks for GPU 2 are not available on this platform. Only Pstate clocks will be displayed.
<->[NORMAL]#00000023#Fri Feb 06 11:41:05 2015#GPU monitoring thread started up ok.
<->[NORMAL]#00000024#Fri Feb 06 11:41:05 2015#oZone3D Engine is starting up - kernel build: [v3.3.0 - Apr 16 2012 @ 11:03:16] - codename: Zhadanas
<->[NORMAL]#00000025#Fri Feb 06 11:41:05 2015#oZone3D initialization in progress...
<->[NORMAL]#00000026#Fri Feb 06 11:41:05 2015#oZone3D - OpenGL renderer creation ok.
<->[NORMAL]#00000027#Fri Feb 06 11:41:05 2015#o3RendererOpenGL INFO: OpenGL version: 3.1.0 - Build 8.15.10.2696
<->[NORMAL]#00000028#Fri Feb 06 11:41:05 2015#o3RendererOpenGL INFO: OpenGL Shading Language (GLSL) version: 1.40 - Intel Build 8.15.10.2696
<->[NORMAL]#00000029#Fri Feb 06 11:41:05 2015#oZone3D initialization ok.
<->[NORMAL]#00000030#Fri Feb 06 11:41:41 2015#oZone3D shutdown ok.
<->[NORMAL]#00000031#Fri Feb 06 11:41:41 2015#FurMark shutdown OK.
